*** Start analyzing build configuration ***
Auto-config - Scanning: C:\Users\lsfan\Desktop\MIPS
Auto-config - VLOG: C:\Users\lsfan\Desktop\MIPS
Auto-config - VHDL: C:\Users\lsfan\Desktop\MIPS
Auto-config - Wrote:
    C:\Users\lsfan\Desktop\MIPS\.dvt\default.build.auto.1
*** List of included argument files ***
    Build configuration file:  C:\Users\lsfan\Desktop\MIPS\.dvt\default.build
    -f C:\Users\lsfan\Desktop\MIPS\.dvt\default.build.auto.1
*** List of invocations ***
Invocation #1 +dvt_init+dvt in C:\Users\lsfan\Desktop\MIPS\.dvt\default.build.auto.1 at line 9
*** Done analyzing build configuration [51 ms] ***

*** Start VHDL build ***
*** Done parsing [135.0 ms] ***
*** Total number of lines [0] ***
Performing post full build step 1 (VHDL - RU) [6 ms] ...
*** Done VHDL build [144 ms] ***

*** Start SystemVerilog build ***
*** Invocation #1***
Loading (1) C:\Users\lsfan\Desktop\MIPS\bram.sv ...
Done C:\Users\lsfan\Desktop\MIPS\bram.sv [18 ms, 3 lines, SystemVerilog_2012] ...
Loading (2) C:\Users\lsfan\Desktop\MIPS\decode.sv ...
Done C:\Users\lsfan\Desktop\MIPS\decode.sv [0 ms, 20 lines, SystemVerilog_2012] ...
Loading (3) C:\Users\lsfan\Desktop\MIPS\reg_ifid.sv ...
Done C:\Users\lsfan\Desktop\MIPS\reg_ifid.sv [0 ms, 2 lines, SystemVerilog_2012] ...
Loading (4) C:\Users\lsfan\Desktop\MIPS\temp.sv ...
Done C:\Users\lsfan\Desktop\MIPS\temp.sv [0 ms, 2 lines, SystemVerilog_2012] ...
Loading (5) C:\Users\lsfan\Desktop\MIPS\defines.sv ...
Done C:\Users\lsfan\Desktop\MIPS\defines.sv [3 ms, 155 lines, SystemVerilog_2012] ...
Loading (6) C:\Users\lsfan\Desktop\MIPS\stage_wb.sv ...
Done C:\Users\lsfan\Desktop\MIPS\stage_wb.sv [1 ms, 40 lines, SystemVerilog_2012] ...
Loading (7) C:\Users\lsfan\Desktop\MIPS\stage_mem.sv ...
Done C:\Users\lsfan\Desktop\MIPS\stage_mem.sv [1 ms, 74 lines, SystemVerilog_2012] ...
Loading (8) C:\Users\lsfan\Desktop\MIPS\stage_if.sv ...
Done C:\Users\lsfan\Desktop\MIPS\stage_if.sv [1 ms, 28 lines, SystemVerilog_2012] ...
Loading (9) C:\Users\lsfan\Desktop\MIPS\stage_id.sv ...
Done C:\Users\lsfan\Desktop\MIPS\stage_id.sv [4 ms, 274 lines, SystemVerilog_2012] ...
Loading (10) C:\Users\lsfan\Desktop\MIPS\stage_exe.sv ...
Done C:\Users\lsfan\Desktop\MIPS\stage_exe.sv [0 ms, 86 lines, SystemVerilog_2012] ...
Loading (11) C:\Users\lsfan\Desktop\MIPS\regs_memwb.sv ...
Done C:\Users\lsfan\Desktop\MIPS\regs_memwb.sv [1 ms, 52 lines, SystemVerilog_2012] ...
Loading (12) C:\Users\lsfan\Desktop\MIPS\regs_ifid.sv ...
Done C:\Users\lsfan\Desktop\MIPS\regs_ifid.sv [0 ms, 15 lines, SystemVerilog_2012] ...
Loading (13) C:\Users\lsfan\Desktop\MIPS\regs_idexe.sv ...
Done C:\Users\lsfan\Desktop\MIPS\regs_idexe.sv [0 ms, 59 lines, SystemVerilog_2012] ...
Loading (14) C:\Users\lsfan\Desktop\MIPS\regs_exemem.sv ...
Done C:\Users\lsfan\Desktop\MIPS\regs_exemem.sv [1 ms, 51 lines, SystemVerilog_2012] ...
Loading (15) C:\Users\lsfan\Desktop\MIPS\regfile.sv ...
Done C:\Users\lsfan\Desktop\MIPS\regfile.sv [0 ms, 38 lines, SystemVerilog_2012] ...
Loading (16) C:\Users\lsfan\Desktop\MIPS\minimips_tb.sv ...
Done C:\Users\lsfan\Desktop\MIPS\minimips_tb.sv [0 ms, 42 lines, SystemVerilog_2012] ...
Loading (17) C:\Users\lsfan\Desktop\MIPS\minimips.sv ...
Done C:\Users\lsfan\Desktop\MIPS\minimips.sv [2 ms, 354 lines, SystemVerilog_2012] ...
Loading (18) C:\Users\lsfan\Desktop\MIPS\im.sv ...
Done C:\Users\lsfan\Desktop\MIPS\im.sv [1 ms, 49 lines, SystemVerilog_2012] ...
Loading (19) C:\Users\lsfan\Desktop\MIPS\hilo.sv ...
Done C:\Users\lsfan\Desktop\MIPS\hilo.sv [0 ms, 28 lines, SystemVerilog_2012] ...
Loading (20) C:\Users\lsfan\Desktop\MIPS\dm.sv ...
Done C:\Users\lsfan\Desktop\MIPS\dm.sv [0 ms, 31 lines, SystemVerilog_2012] ...
*** Done invocation #1 [32 ms] ***
*** Done parsing [LT 14.0 ms, PT 32.0 ms] ***
*** Total number of lines [1 403] ***
*** Error: SYSTEM_VERILOG_2012: Expecting ';', found 'return'
    at line 151 in C:\Users\lsfan\Desktop\MIPS\defines.sv [compile index 5][invocation 1]
Performing post full build actions ...
Performing post full build step 1 (SRI) [0 ms] ...
Performing post full build step 2 (RI) [2 ms] ...
Performing post full build step 3 (RCP) [0 ms] ...
*** Done SystemVerilog build [39 ms] ***

*** Start mixed mode extension build ***
Performing mixed post full build step 1 (VHDL - RU) [7 ms] ...
Performing mixed post full build step 2 (VHDL - RT) [56 ms] ...
Performing mixed post full build step 3 (VHDL - RD) [4 ms] ...
Performing mixed post full build step 4 (VHDL - FSC) [56 ms] ...
Performing mixed post full build step 5 (VHDL - USBD) [59 ms] ...
Performing mixed post full build step 6 (VHDL - US) [1 ms] ...
Performing mixed post full build step 7 (VHDL - RPC) [1 ms] ...
Performing mixed post full build step 1 (Verilog - RI) [1 ms] ...
Performing mixed post full build step 2 (Verilog - RC) [0 ms] ...
Performing mixed post full build step 3 (Verilog - RPC) [8 ms] ...
Performing mixed post full build step 4 (Verilog - RD) [1 ms] ...
Performing mixed post full build step 5 (Verilog - FSC) [60 ms] ...
Performing mixed post full build step 6 (Verilog - EV) [59 ms] ...
Performing mixed post full build step 7 (Verilog - US) [61 ms] ...
*** Done mixed mode extension build [432 ms] ***
*** Start adding/validating the DVT Auto-Linked resources ***
*** Done adding/validating the DVT Auto-Linked resources [2 ms] ***
*** Total build time [668 ms] ***
